c:\users\leedm\source\repos\newbigint\bigintlib\debug\bigintlib.pdb
c:\users\leedm\source\repos\newbigint\bigintlib\debug\bigintlib.idb
c:\users\leedm\source\repos\newbigint\bigintlib\debug\div.obj
c:\users\leedm\source\repos\newbigint\bigintlib\debug\auxiliary.obj
c:\users\leedm\source\repos\newbigint\bigintlib\debug\sum.obj
c:\users\leedm\source\repos\newbigint\bigintlib\debug\power.obj
c:\users\leedm\source\repos\newbigint\bigintlib\debug\mul.obj
c:\users\leedm\source\repos\newbigint\bigintlib\debug\sub.obj
c:\users\leedm\source\repos\newbigint\bigintlib\debug\converttypes.obj
c:\users\leedm\source\repos\newbigint\bigintlib\debug\boolean.obj
c:\users\leedm\source\repos\newbigint\debug\bigintlib.lib
c:\users\leedm\source\repos\newbigint\bigintlib\debug\vc142.idb
c:\users\leedm\source\repos\newbigint\bigintlib\debug\vc142.pdb
c:\users\leedm\source\repos\newbigint\bigintlib\debug\bigintlib.tlog\cl.command.1.tlog
c:\users\leedm\source\repos\newbigint\bigintlib\debug\bigintlib.tlog\cl.read.1.tlog
c:\users\leedm\source\repos\newbigint\bigintlib\debug\bigintlib.tlog\cl.write.1.tlog
c:\users\leedm\source\repos\newbigint\bigintlib\debug\bigintlib.tlog\lib-link.read.1.tlog
c:\users\leedm\source\repos\newbigint\bigintlib\debug\bigintlib.tlog\lib-link.write.1.tlog
c:\users\leedm\source\repos\newbigint\bigintlib\debug\bigintlib.tlog\lib.command.1.tlog
c:\users\leedm\source\repos\newbigint\bigintlib\debug\bigintlib.tlog\link-cvtres.read.1.tlog
c:\users\leedm\source\repos\newbigint\bigintlib\debug\bigintlib.tlog\link-cvtres.write.1.tlog
c:\users\leedm\source\repos\newbigint\bigintlib\debug\bigintlib.tlog\link-rc.read.1.tlog
c:\users\leedm\source\repos\newbigint\bigintlib\debug\bigintlib.tlog\link-rc.write.1.tlog
c:\users\leedm\source\repos\newbigint\bigintlib\debug\bigintlib.tlog\link.command.1.tlog
c:\users\leedm\source\repos\newbigint\bigintlib\debug\bigintlib.tlog\link.read.1.tlog
c:\users\leedm\source\repos\newbigint\bigintlib\debug\bigintlib.tlog\link.write.1.tlog
