  Mul.cpp
C:\Users\leedm\source\repos\newBigInt\BigIntLib\Mul.cpp(13,62): warning C4244: аргумент: преобразование "__int64" в "const unsigned int", возможна потеря данных
C:\Users\leedm\source\repos\newBigInt\BigIntLib\Mul.cpp(13,107): warning C4244: аргумент: преобразование "__int64" в "const unsigned int", возможна потеря данных
C:\Users\leedm\source\repos\newBigInt\BigIntLib\Mul.cpp(13,157): warning C4244: аргумент: преобразование "__int64" в "const unsigned int", возможна потеря данных
C:\Users\leedm\source\repos\newBigInt\BigIntLib\Mul.cpp(14,54): warning C4244: аргумент: преобразование "__int64" в "const unsigned int", возможна потеря данных
C:\Users\leedm\source\repos\newBigInt\BigIntLib\Mul.cpp(15,42): warning C4244: аргумент: преобразование "__int64" в "const unsigned int", возможна потеря данных
C:\Users\leedm\source\repos\newBigInt\BigIntLib\Mul.cpp(15,82): warning C4244: аргумент: преобразование "__int64" в "const unsigned int", возможна потеря данных
C:\Users\leedm\source\repos\newBigInt\BigIntLib\Mul.cpp(15,95): warning C4244: =: преобразование "__int64" в "_Ty", возможна потеря данных
          with
          [
              _Ty=int
          ]
C:\Users\leedm\source\repos\newBigInt\BigIntLib\Mul.cpp(40,36): warning C4244: аргумент: преобразование "__int64" в "const unsigned int", возможна потеря данных
C:\Users\leedm\source\repos\newBigInt\BigIntLib\Mul.cpp(41,37): warning C4244: аргумент: преобразование "__int64" в "const unsigned int", возможна потеря данных
C:\Users\leedm\source\repos\newBigInt\BigIntLib\Mul.cpp(42,37): warning C4244: аргумент: преобразование "__int64" в "const unsigned int", возможна потеря данных
C:\Users\leedm\source\repos\newBigInt\BigIntLib\Mul.cpp(43,38): warning C4244: аргумент: преобразование "__int64" в "const unsigned int", возможна потеря данных
C:\Users\leedm\source\repos\newBigInt\BigIntLib\Mul.cpp(45,74): warning C4244: аргумент: преобразование "__int64" в "const int", возможна потеря данных
C:\Users\leedm\source\repos\newBigInt\BigIntLib\Mul.cpp(46,76): warning C4244: аргумент: преобразование "__int64" в "const int", возможна потеря данных
C:\Users\leedm\source\repos\newBigInt\BigIntLib\Mul.cpp(47,45): warning C4244: аргумент: преобразование "__int64" в "const int", возможна потеря данных
C:\Users\leedm\source\repos\newBigInt\BigIntLib\Mul.cpp(47,87): warning C4244: аргумент: преобразование "__int64" в "const int", возможна потеря данных
C:\Users\leedm\source\repos\newBigInt\BigIntLib\Mul.cpp(48,46): warning C4244: аргумент: преобразование "__int64" в "const int", возможна потеря данных
C:\Users\leedm\source\repos\newBigInt\BigIntLib\Mul.cpp(48,89): warning C4244: аргумент: преобразование "__int64" в "const int", возможна потеря данных
  BigIntLib.vcxproj -> C:\Users\leedm\source\repos\newBigInt\Debug\BigIntLib.lib
